{
  "RSpec": {
    "coverage": {
      "/mnt/c/Users/belgi/Documents/ruby_wepa/ratebeer/app/helpers/application_helper.rb": [
        1,
        null
      ],
      "/mnt/c/Users/belgi/Documents/ruby_wepa/ratebeer/app/helpers/beers_helper.rb": [
        1,
        null
      ],
      "/mnt/c/Users/belgi/Documents/ruby_wepa/ratebeer/app/helpers/breweries_helper.rb": [
        1,
        null
      ],
      "/mnt/c/Users/belgi/Documents/ruby_wepa/ratebeer/app/helpers/users_helper.rb": [
        1,
        null
      ],
      "/mnt/c/Users/belgi/Documents/ruby_wepa/ratebeer/app/models/beer.rb": [
        1,
        1,
        null,
        1,
        1,
        1,
        null,
        1,
        null,
        1,
        0,
        null,
        0,
        0,
        0,
        0,
        null,
        0,
        0,
        0,
        0,
        null,
        null,
        null,
        null,
        1,
        2,
        null,
        null
      ],
      "/mnt/c/Users/belgi/Documents/ruby_wepa/ratebeer/app/models/application_record.rb": [
        1,
        1,
        null
      ],
      "/mnt/c/Users/belgi/Documents/ruby_wepa/ratebeer/app/models/concerns/rating_average.rb": [
        1,
        1,
        null,
        1,
        6,
        15,
        6,
        null,
        null
      ],
      "/mnt/c/Users/belgi/Documents/ruby_wepa/ratebeer/app/models/user.rb": [
        1,
        1,
        1,
        null,
        1,
        null,
        1,
        null,
        1,
        null,
        null,
        1,
        null,
        null,
        null,
        null,
        null,
        1,
        3,
        null,
        2,
        null,
        null,
        1,
        1,
        null,
        null,
        1,
        null,
        null
      ],
      "/mnt/c/Users/belgi/Documents/ruby_wepa/ratebeer/app/models/brewery.rb": [
        1,
        1,
        null,
        1,
        1,
        null,
        null,
        null,
        1,
        1,
        null
      ],
      "/mnt/c/Users/belgi/Documents/ruby_wepa/ratebeer/app/controllers/beers_controller.rb": [
        1,
        1,
        null,
        null,
        null,
        1,
        0,
        null,
        null,
        null,
        null,
        1,
        null,
        null,
        null,
        1,
        1,
        1,
        1,
        null,
        null,
        null,
        1,
        0,
        0,
        null,
        null,
        null,
        null,
        1,
        1,
        null,
        1,
        1,
        2,
        1,
        null,
        0,
        0,
        null,
        null,
        null,
        null,
        null,
        null,
        1,
        0,
        0,
        0,
        0,
        null,
        0,
        0,
        null,
        null,
        null,
        null,
        null,
        null,
        1,
        0,
        0,
        0,
        0,
        null,
        null,
        null,
        1,
        null,
        null,
        1,
        1,
        null,
        null,
        null,
        1,
        1,
        null,
        null
      ],
      "/mnt/c/Users/belgi/Documents/ruby_wepa/ratebeer/app/controllers/application_controller.rb": [
        1,
        null,
        1,
        null,
        1,
        74,
        null,
        49,
        null,
        null
      ],
      "/mnt/c/Users/belgi/Documents/ruby_wepa/ratebeer/app/models/rating.rb": [
        1,
        1,
        1,
        null,
        1,
        null,
        null,
        null,
        1,
        10,
        null,
        null
      ],
      "/mnt/c/Users/belgi/Documents/ruby_wepa/ratebeer/app/controllers/breweries_controller.rb": [
        1,
        1,
        1,
        null,
        null,
        null,
        1,
        3,
        null,
        null,
        null,
        null,
        1,
        null,
        null,
        null,
        1,
        0,
        null,
        null,
        null,
        1,
        null,
        null,
        null,
        null,
        1,
        0,
        null,
        0,
        0,
        0,
        0,
        null,
        0,
        0,
        null,
        null,
        null,
        null,
        null,
        null,
        1,
        0,
        0,
        0,
        0,
        null,
        0,
        0,
        null,
        null,
        null,
        null,
        null,
        null,
        1,
        0,
        0,
        0,
        0,
        null,
        null,
        null,
        1,
        null,
        null,
        1,
        1,
        null,
        null,
        null,
        1,
        0,
        null,
        null,
        1,
        0,
        0,
        null,
        null,
        null
      ],
      "/mnt/c/Users/belgi/Documents/ruby_wepa/ratebeer/app/controllers/sessions_controller.rb": [
        1,
        1,
        null,
        null,
        null,
        1,
        7,
        null,
        null,
        null,
        7,
        6,
        6,
        null,
        1,
        null,
        null,
        null,
        1,
        0,
        0,
        null,
        null
      ],
      "/mnt/c/Users/belgi/Documents/ruby_wepa/ratebeer/app/controllers/users_controller.rb": [
        1,
        1,
        null,
        null,
        null,
        1,
        0,
        null,
        null,
        null,
        null,
        1,
        null,
        null,
        null,
        1,
        1,
        null,
        null,
        null,
        1,
        null,
        null,
        null,
        null,
        1,
        1,
        null,
        1,
        1,
        2,
        1,
        null,
        0,
        0,
        null,
        null,
        null,
        null,
        null,
        null,
        1,
        0,
        0,
        0,
        0,
        null,
        0,
        0,
        null,
        null,
        null,
        null,
        null,
        null,
        1,
        0,
        0,
        0,
        null,
        0,
        0,
        0,
        null,
        null,
        null,
        1,
        null,
        null,
        1,
        11,
        null,
        null,
        null,
        1,
        1,
        null,
        null
      ],
      "/mnt/c/Users/belgi/Documents/ruby_wepa/ratebeer/app/controllers/ratings_controller.rb": [
        1,
        null,
        null,
        1,
        2,
        null,
        null,
        1,
        1,
        1,
        null,
        null,
        1,
        1,
        1,
        null,
        1,
        1,
        null,
        0,
        0,
        null,
        null,
        null,
        1,
        1,
        1,
        1,
        null,
        null
      ],
      "/mnt/c/Users/belgi/Documents/ruby_wepa/ratebeer/app/channels/application_cable/channel.rb": [
        0,
        0,
        0,
        0
      ],
      "/mnt/c/Users/belgi/Documents/ruby_wepa/ratebeer/app/channels/application_cable/connection.rb": [
        0,
        0,
        0,
        0
      ],
      "/mnt/c/Users/belgi/Documents/ruby_wepa/ratebeer/app/jobs/application_job.rb": [
        0,
        0
      ],
      "/mnt/c/Users/belgi/Documents/ruby_wepa/ratebeer/app/mailers/application_mailer.rb": [
        0,
        0,
        0,
        0
      ]
    },
    "timestamp": 1538314983
  }
}
